Starting the program...
+++++++++++++++++++++
+++++++++++++++++++++
initial state of the board
(' ', ' ', ' ', ' ', 'M')
(' ', ' ', 'G', ' ', ' ')
(' ', ' ', 'M', ' ', ' ')
(' ', ' ', ' ', ' ', ' ')
('M', ' ', ' ', ' ', ' ')
-----
to_move M utility = 1
(' ', ' ', ' ', ' ', 'M')
(' ', ' ', 'M', ' ', ' ')
(' ', ' ', ' ', ' ', ' ')
(' ', ' ', ' ', ' ', ' ')
('M', ' ', ' ', ' ', ' ')
-----
end state of the board
(' ', ' ', ' ', ' ', 'M')
(' ', ' ', 'M', ' ', ' ')
(' ', ' ', ' ', ' ', ' ')
(' ', ' ', ' ', ' ', ' ')
('M', ' ', ' ', ' ', ' ')
+++++++++++++++++++++
initial state of the board
(' ', ' ', ' ', ' ', ' ')
(' ', 'M', 'G', 'M', ' ')
(' ', ' ', 'M', ' ', ' ')
(' ', ' ', ' ', ' ', ' ')
(' ', ' ', ' ', ' ', ' ')
-----
to_move M utility = 1
(' ', ' ', ' ', ' ', ' ')
(' ', ' ', 'M', 'M', ' ')
(' ', ' ', 'M', ' ', ' ')
(' ', ' ', ' ', ' ', ' ')
(' ', ' ', ' ', ' ', ' ')
-----
end state of the board
(' ', ' ', ' ', ' ', ' ')
(' ', ' ', 'M', 'M', ' ')
(' ', ' ', 'M', ' ', ' ')
(' ', ' ', ' ', ' ', ' ')
(' ', ' ', ' ', ' ', ' ')
+++++++++++++++++++++
initial state of the board
(' ', ' ', ' ', ' ', 'G')
(' ', ' ', 'M', ' ', ' ')
(' ', ' ', 'M', ' ', ' ')
('M', 'G', 'G', ' ', ' ')
(' ', ' ', ' ', ' ', ' ')
-----
to_move M utility = 1
(' ', ' ', ' ', ' ', 'G')
(' ', ' ', 'M', ' ', ' ')
(' ', ' ', ' ', ' ', ' ')
('M', 'G', 'M', ' ', ' ')
(' ', ' ', ' ', ' ', ' ')
-----
-----
to_move G utility = -1
(' ', ' ', ' ', ' ', ' ')
(' ', ' ', 'M', ' ', 'G')
(' ', ' ', ' ', ' ', ' ')
('M', 'G', 'M', ' ', ' ')
(' ', ' ', ' ', ' ', ' ')
-----
-----
to_move M utility = 1
(' ', ' ', ' ', ' ', ' ')
(' ', ' ', 'M', ' ', 'G')
(' ', ' ', ' ', ' ', ' ')
(' ', 'M', 'M', ' ', ' ')
(' ', ' ', ' ', ' ', ' ')
-----
end state of the board
(' ', ' ', ' ', ' ', ' ')
(' ', ' ', 'M', ' ', 'G')
(' ', ' ', ' ', ' ', ' ')
(' ', 'M', 'M', ' ', ' ')
(' ', ' ', ' ', ' ', ' ')
+++++++++++++++++++++
initial state of the board
(' ', ' ', 'M', ' ', 'G')
(' ', 'G', ' ', 'G', ' ')
('M', ' ', 'G', ' ', ' ')
('M', 'G', ' ', ' ', ' ')
(' ', ' ', 'G', ' ', ' ')
-----
to_move M utility = 1
(' ', ' ', 'M', ' ', 'G')
(' ', 'G', ' ', 'G', ' ')
('M', ' ', 'G', ' ', ' ')
(' ', 'M', ' ', ' ', ' ')
(' ', ' ', 'G', ' ', ' ')
-----
end state of the board
(' ', ' ', 'M', ' ', 'G')
(' ', 'G', ' ', 'G', ' ')
('M', ' ', 'G', ' ', ' ')
(' ', 'M', ' ', ' ', ' ')
(' ', ' ', 'G', ' ', ' ')
All unit tests succeeded
execution time for unit testing: 0.0
-----
to_move M utility = 1
('G', 'G', 'G', 'G', ' ')
('G', 'G', 'G', 'G', 'M')
('G', 'G', 'M', 'G', 'G')
('G', 'G', 'G', 'G', 'G')
('M', 'G', 'G', 'G', 'G')
-----
(('G', 'G', 'G', 'G', ' '), ('G', 'G', 'G', 'G', 'M'), ('G', 'G', 'M', 'G', 'G'), ('G', 'G', 'G', 'G', 'G'), ('M', 'G', 'G', 'G', 'G'))
initial state of the board
('G', 'G', 'G', 'G', 'M')
('G', 'G', 'G', 'G', 'G')
('G', 'G', 'M', 'G', 'G')
('G', 'G', 'G', 'G', 'G')
('M', 'G', 'G', 'G', 'G')
-----
to_move M utility = 1
('G', 'G', 'G', 'G', ' ')
('G', 'G', 'G', 'G', 'M')
('G', 'G', 'M', 'G', 'G')
('G', 'G', 'G', 'G', 'G')
('M', 'G', 'G', 'G', 'G')
-----
-----
to_move G utility = -1
('G', 'G', 'G', ' ', 'G')
('G', 'G', 'G', 'G', 'M')
('G', 'G', 'M', 'G', 'G')
('G', 'G', 'G', 'G', 'G')
('M', 'G', 'G', 'G', 'G')
-----
-----
to_move M utility = 1
('G', 'G', 'G', ' ', 'G')
('G', 'G', 'G', 'G', ' ')
('G', 'G', 'M', 'G', 'M')
('G', 'G', 'G', 'G', 'G')
('M', 'G', 'G', 'G', 'G')
-----
-----
to_move G utility = -1
('G', 'G', ' ', 'G', 'G')
('G', 'G', 'G', 'G', ' ')
('G', 'G', 'M', 'G', 'M')
('G', 'G', 'G', 'G', 'G')
('M', 'G', 'G', 'G', 'G')
-----
-----
to_move M utility = 1
('G', 'G', ' ', 'G', 'G')
('G', 'G', 'G', 'G', ' ')
('G', 'G', ' ', 'G', 'M')
('G', 'G', 'M', 'G', 'G')
('M', 'G', 'G', 'G', 'G')
-----
-----
to_move G utility = -1
('G', ' ', 'G', 'G', 'G')
('G', 'G', 'G', 'G', ' ')
('G', 'G', ' ', 'G', 'M')
('G', 'G', 'M', 'G', 'G')
('M', 'G', 'G', 'G', 'G')
-----
-----
to_move M utility = 1
('G', ' ', 'G', 'G', 'G')
('G', 'G', 'G', 'G', ' ')
('G', 'G', ' ', 'G', ' ')
('G', 'G', 'M', 'G', 'M')
('M', 'G', 'G', 'G', 'G')
-----
-----
to_move G utility = -1
(' ', 'G', 'G', 'G', 'G')
('G', 'G', 'G', 'G', ' ')
('G', 'G', ' ', 'G', ' ')
('G', 'G', 'M', 'G', 'M')
('M', 'G', 'G', 'G', 'G')
-----
-----
to_move M utility = 1
(' ', 'G', 'G', 'G', 'G')
('G', 'G', 'G', 'G', ' ')
('G', 'G', ' ', 'G', ' ')
('G', 'G', ' ', 'G', 'M')
('M', 'G', 'M', 'G', 'G')
-----
-----
to_move G utility = -1
('G', ' ', 'G', 'G', 'G')
('G', 'G', 'G', 'G', ' ')
('G', 'G', ' ', 'G', ' ')
('G', 'G', ' ', 'G', 'M')
('M', 'G', 'M', 'G', 'G')
-----
-----
to_move M utility = 1
('G', ' ', 'G', 'G', 'G')
('G', 'G', 'G', 'G', ' ')
('G', 'G', ' ', 'G', ' ')
('G', 'G', ' ', 'M', ' ')
('M', 'G', 'M', 'G', 'G')
-----
-----
to_move G utility = -1
(' ', 'G', 'G', 'G', 'G')
('G', 'G', 'G', 'G', ' ')
('G', 'G', ' ', 'G', ' ')
('G', 'G', ' ', 'M', ' ')
('M', 'G', 'M', 'G', 'G')
-----
-----
to_move M utility = 1
(' ', 'G', 'G', 'G', 'G')
('G', 'G', 'G', 'G', ' ')
('G', 'G', ' ', 'M', ' ')
('G', 'G', ' ', ' ', ' ')
('M', 'G', 'M', 'G', 'G')
-----
-----
to_move G utility = -1
('G', ' ', 'G', 'G', 'G')
('G', 'G', 'G', 'G', ' ')
('G', 'G', ' ', 'M', ' ')
('G', 'G', ' ', ' ', ' ')
('M', 'G', 'M', 'G', 'G')
-----
-----
to_move M utility = 1
('G', ' ', 'G', 'G', 'G')
('G', 'G', 'G', 'M', ' ')
('G', 'G', ' ', ' ', ' ')
('G', 'G', ' ', ' ', ' ')
('M', 'G', 'M', 'G', 'G')
-----
-----
to_move G utility = -1
(' ', 'G', 'G', 'G', 'G')
('G', 'G', 'G', 'M', ' ')
('G', 'G', ' ', ' ', ' ')
('G', 'G', ' ', ' ', ' ')
('M', 'G', 'M', 'G', 'G')
-----
-----
to_move M utility = 1
(' ', 'G', 'G', 'M', 'G')
('G', 'G', 'G', ' ', ' ')
('G', 'G', ' ', ' ', ' ')
('G', 'G', ' ', ' ', ' ')
('M', 'G', 'M', 'G', 'G')
-----
-----
to_move G utility = -1
('G', ' ', 'G', 'M', 'G')
('G', 'G', 'G', ' ', ' ')
('G', 'G', ' ', ' ', ' ')
('G', 'G', ' ', ' ', ' ')
('M', 'G', 'M', 'G', 'G')
-----
-----
to_move M utility = 1
('G', ' ', 'M', ' ', 'G')
('G', 'G', 'G', ' ', ' ')
('G', 'G', ' ', ' ', ' ')
('G', 'G', ' ', ' ', ' ')
('M', 'G', 'M', 'G', 'G')
-----
-----
to_move G utility = -1
(' ', 'G', 'M', ' ', 'G')
('G', 'G', 'G', ' ', ' ')
('G', 'G', ' ', ' ', ' ')
('G', 'G', ' ', ' ', ' ')
('M', 'G', 'M', 'G', 'G')
-----
-----
to_move M utility = 1
(' ', 'G', ' ', ' ', 'G')
('G', 'G', 'M', ' ', ' ')
('G', 'G', ' ', ' ', ' ')
('G', 'G', ' ', ' ', ' ')
('M', 'G', 'M', 'G', 'G')
-----
-----
to_move G utility = -1
('G', ' ', ' ', ' ', 'G')
('G', 'G', 'M', ' ', ' ')
('G', 'G', ' ', ' ', ' ')
('G', 'G', ' ', ' ', ' ')
('M', 'G', 'M', 'G', 'G')
-----
-----
to_move M utility = 1
('G', ' ', ' ', ' ', 'G')
('G', 'M', ' ', ' ', ' ')
('G', 'G', ' ', ' ', ' ')
('G', 'G', ' ', ' ', ' ')
('M', 'G', 'M', 'G', 'G')
-----
-----
to_move G utility = -1
(' ', 'G', ' ', ' ', 'G')
('G', 'M', ' ', ' ', ' ')
('G', 'G', ' ', ' ', ' ')
('G', 'G', ' ', ' ', ' ')
('M', 'G', 'M', 'G', 'G')
-----
-----
to_move M utility = 1
(' ', 'G', ' ', ' ', 'G')
('G', ' ', ' ', ' ', ' ')
('G', 'M', ' ', ' ', ' ')
('G', 'G', ' ', ' ', ' ')
('M', 'G', 'M', 'G', 'G')
-----
-----
to_move G utility = -1
(' ', ' ', ' ', ' ', 'G')
('G', 'G', ' ', ' ', ' ')
('G', 'M', ' ', ' ', ' ')
('G', 'G', ' ', ' ', ' ')
('M', 'G', 'M', 'G', 'G')
-----
-----
to_move M utility = 1
(' ', ' ', ' ', ' ', 'G')
('G', 'G', ' ', ' ', ' ')
('G', ' ', ' ', ' ', ' ')
('G', 'M', ' ', ' ', ' ')
('M', 'G', 'M', 'G', 'G')
-----
-----
to_move G utility = -1
(' ', ' ', ' ', ' ', ' ')
('G', 'G', ' ', ' ', 'G')
('G', ' ', ' ', ' ', ' ')
('G', 'M', ' ', ' ', ' ')
('M', 'G', 'M', 'G', 'G')
-----
-----
to_move M utility = 1
(' ', ' ', ' ', ' ', ' ')
('G', 'G', ' ', ' ', 'G')
('G', ' ', ' ', ' ', ' ')
('M', ' ', ' ', ' ', ' ')
('M', 'G', 'M', 'G', 'G')
-----
-----
to_move G utility = -1
('G', ' ', ' ', ' ', ' ')
(' ', 'G', ' ', ' ', 'G')
('G', ' ', ' ', ' ', ' ')
('M', ' ', ' ', ' ', ' ')
('M', 'G', 'M', 'G', 'G')
-----
-----
to_move M utility = 1
('G', ' ', ' ', ' ', ' ')
(' ', 'G', ' ', ' ', 'G')
('M', ' ', ' ', ' ', ' ')
(' ', ' ', ' ', ' ', ' ')
('M', 'G', 'M', 'G', 'G')
-----
-----
to_move G utility = -1
(' ', ' ', ' ', ' ', ' ')
('G', 'G', ' ', ' ', 'G')
('M', ' ', ' ', ' ', ' ')
(' ', ' ', ' ', ' ', ' ')
('M', 'G', 'M', 'G', 'G')
-----
-----
to_move M utility = 1
(' ', ' ', ' ', ' ', ' ')
('M', 'G', ' ', ' ', 'G')
(' ', ' ', ' ', ' ', ' ')
(' ', ' ', ' ', ' ', ' ')
('M', 'G', 'M', 'G', 'G')
-----
-----
to_move G utility = -1
(' ', ' ', ' ', ' ', ' ')
('M', ' ', ' ', ' ', 'G')
(' ', 'G', ' ', ' ', ' ')
(' ', ' ', ' ', ' ', ' ')
('M', 'G', 'M', 'G', 'G')
-----
-----
to_move M utility = 1
(' ', ' ', ' ', ' ', ' ')
('M', ' ', ' ', ' ', 'G')
(' ', 'G', ' ', ' ', ' ')
(' ', ' ', ' ', ' ', ' ')
(' ', 'M', 'M', 'G', 'G')
-----
-----
to_move G utility = -1
(' ', ' ', ' ', ' ', ' ')
('M', ' ', ' ', ' ', ' ')
(' ', 'G', ' ', ' ', 'G')
(' ', ' ', ' ', ' ', ' ')
(' ', 'M', 'M', 'G', 'G')
-----
-----
to_move M utility = 1
(' ', ' ', ' ', ' ', ' ')
('M', ' ', ' ', ' ', ' ')
(' ', 'G', ' ', ' ', 'G')
(' ', ' ', ' ', ' ', ' ')
(' ', 'M', ' ', 'M', 'G')
-----
-----
to_move G utility = -1
(' ', ' ', ' ', ' ', ' ')
('M', ' ', ' ', ' ', ' ')
(' ', ' ', ' ', ' ', 'G')
(' ', 'G', ' ', ' ', ' ')
(' ', 'M', ' ', 'M', 'G')
-----
-----
to_move M utility = 1
(' ', ' ', ' ', ' ', ' ')
('M', ' ', ' ', ' ', ' ')
(' ', ' ', ' ', ' ', 'G')
(' ', 'M', ' ', ' ', ' ')
(' ', ' ', ' ', 'M', 'G')
-----
-----
to_move G utility = -1
(' ', ' ', ' ', ' ', ' ')
('M', ' ', ' ', ' ', ' ')
(' ', ' ', ' ', ' ', ' ')
(' ', 'M', ' ', ' ', 'G')
(' ', ' ', ' ', 'M', 'G')
-----
-----
to_move M utility = 1
(' ', ' ', ' ', ' ', ' ')
('M', ' ', ' ', ' ', ' ')
(' ', ' ', ' ', ' ', ' ')
(' ', 'M', ' ', ' ', 'G')
(' ', ' ', ' ', ' ', 'M')
-----
-----
to_move G utility = -1
(' ', ' ', ' ', ' ', ' ')
('M', ' ', ' ', ' ', ' ')
(' ', ' ', ' ', ' ', 'G')
(' ', 'M', ' ', ' ', ' ')
(' ', ' ', ' ', ' ', 'M')
-----
end state of the board
(' ', ' ', ' ', ' ', ' ')
('M', ' ', ' ', ' ', ' ')
(' ', ' ', ' ', ' ', 'G')
(' ', 'M', ' ', ' ', ' ')
(' ', ' ', ' ', ' ', 'M')
winner is 1
execution time for getting the result: 117239.05204296112060547
