Starting the program...
+++++++++++++++++++++
initial state of the board
('M', ' ', 'G', ' ', 'M')
(' ', ' ', 'G', ' ', ' ')
(' ', ' ', 'G', ' ', 'G')
(' ', ' ', 'M', ' ', ' ')
(' ', ' ', ' ', ' ', ' ')
-----
to_move M utility = -1
('M', ' ', 'G', ' ', 'M')
(' ', ' ', 'G', ' ', ' ')
(' ', ' ', 'M', ' ', 'G')
(' ', ' ', ' ', ' ', ' ')
(' ', ' ', ' ', ' ', ' ')
-----
-----
to_move G utility = 1
('M', ' ', 'G', ' ', 'M')
(' ', ' ', 'G', ' ', ' ')
(' ', ' ', 'M', ' ', ' ')
(' ', ' ', ' ', ' ', 'G')
(' ', ' ', ' ', ' ', ' ')
-----
-----
to_move M utility = -1
('M', ' ', 'G', ' ', 'M')
(' ', ' ', 'M', ' ', ' ')
(' ', ' ', ' ', ' ', ' ')
(' ', ' ', ' ', ' ', 'G')
(' ', ' ', ' ', ' ', ' ')
-----
-----
to_move G utility = 1
('M', ' ', 'G', ' ', 'M')
(' ', ' ', 'M', ' ', ' ')
(' ', ' ', ' ', ' ', ' ')
(' ', ' ', ' ', ' ', ' ')
(' ', ' ', ' ', ' ', 'G')
-----
-----
to_move M utility = -1
('M', ' ', 'M', ' ', 'M')
(' ', ' ', ' ', ' ', ' ')
(' ', ' ', ' ', ' ', ' ')
(' ', ' ', ' ', ' ', ' ')
(' ', ' ', ' ', ' ', 'G')
-----
end state of the board
('M', ' ', 'M', ' ', 'M')
(' ', ' ', ' ', ' ', ' ')
(' ', ' ', ' ', ' ', ' ')
(' ', ' ', ' ', ' ', ' ')
(' ', ' ', ' ', ' ', 'G')
+++++++++++++++++++++
initial state of the board
('M', ' ', 'G', ' ', 'M')
(' ', ' ', 'G', ' ', ' ')
(' ', ' ', 'G', ' ', 'G')
(' ', ' ', 'G', ' ', ' ')
(' ', ' ', 'M', ' ', ' ')
-----
to_move M utility = -1
('M', ' ', 'G', ' ', 'M')
(' ', ' ', 'G', ' ', ' ')
(' ', ' ', 'G', ' ', 'G')
(' ', ' ', 'M', ' ', ' ')
(' ', ' ', ' ', ' ', ' ')
-----
-----
to_move G utility = 1
('M', ' ', 'G', ' ', 'M')
(' ', ' ', 'G', ' ', ' ')
(' ', ' ', 'G', ' ', ' ')
(' ', ' ', 'M', ' ', 'G')
(' ', ' ', ' ', ' ', ' ')
-----
-----
to_move M utility = -1
('M', ' ', 'G', ' ', 'M')
(' ', ' ', 'G', ' ', ' ')
(' ', ' ', 'M', ' ', ' ')
(' ', ' ', ' ', ' ', 'G')
(' ', ' ', ' ', ' ', ' ')
-----
-----
to_move G utility = 1
('M', ' ', 'G', ' ', 'M')
(' ', ' ', 'G', ' ', ' ')
(' ', ' ', 'M', ' ', ' ')
(' ', ' ', ' ', ' ', ' ')
(' ', ' ', ' ', ' ', 'G')
-----
-----
to_move M utility = -1
('M', ' ', 'G', ' ', 'M')
(' ', ' ', 'M', ' ', ' ')
(' ', ' ', ' ', ' ', ' ')
(' ', ' ', ' ', ' ', ' ')
(' ', ' ', ' ', ' ', 'G')
-----
-----
to_move G utility = 1
('M', ' ', 'G', ' ', 'M')
(' ', ' ', 'M', ' ', ' ')
(' ', ' ', ' ', ' ', ' ')
(' ', ' ', ' ', ' ', 'G')
(' ', ' ', ' ', ' ', ' ')
-----
-----
to_move M utility = -1
('M', ' ', 'M', ' ', 'M')
(' ', ' ', ' ', ' ', ' ')
(' ', ' ', ' ', ' ', ' ')
(' ', ' ', ' ', ' ', 'G')
(' ', ' ', ' ', ' ', ' ')
-----
end state of the board
('M', ' ', 'M', ' ', 'M')
(' ', ' ', ' ', ' ', ' ')
(' ', ' ', ' ', ' ', ' ')
(' ', ' ', ' ', ' ', 'G')
(' ', ' ', ' ', ' ', ' ')
+++++++++++++++++++++
initial state of the board
('M', ' ', ' ', ' ', 'G')
(' ', ' ', ' ', ' ', ' ')
('G', 'G', 'G', 'G', 'M')
(' ', ' ', ' ', ' ', ' ')
('M', ' ', 'G', ' ', ' ')
-----
to_move M utility = -1
('M', ' ', ' ', ' ', 'G')
(' ', ' ', ' ', ' ', ' ')
('G', 'G', 'G', 'M', ' ')
(' ', ' ', ' ', ' ', ' ')
('M', ' ', 'G', ' ', ' ')
-----
-----
to_move G utility = 1
('M', ' ', ' ', ' ', ' ')
(' ', ' ', ' ', ' ', 'G')
('G', 'G', 'G', 'M', ' ')
(' ', ' ', ' ', ' ', ' ')
('M', ' ', 'G', ' ', ' ')
-----
-----
to_move M utility = -1
('M', ' ', ' ', ' ', ' ')
(' ', ' ', ' ', ' ', 'G')
('G', 'G', 'M', ' ', ' ')
(' ', ' ', ' ', ' ', ' ')
('M', ' ', 'G', ' ', ' ')
-----
-----
to_move G utility = 1
('M', ' ', ' ', ' ', ' ')
(' ', ' ', ' ', ' ', ' ')
('G', 'G', 'M', ' ', 'G')
(' ', ' ', ' ', ' ', ' ')
('M', ' ', 'G', ' ', ' ')
-----
-----
to_move M utility = -1
('M', ' ', ' ', ' ', ' ')
(' ', ' ', ' ', ' ', ' ')
('G', 'M', ' ', ' ', 'G')
(' ', ' ', ' ', ' ', ' ')
('M', ' ', 'G', ' ', ' ')
-----
-----
to_move G utility = 1
('M', ' ', ' ', ' ', ' ')
(' ', ' ', ' ', ' ', ' ')
('G', 'M', ' ', ' ', ' ')
(' ', ' ', ' ', ' ', 'G')
('M', ' ', 'G', ' ', ' ')
-----
-----
to_move M utility = -1
('M', ' ', ' ', ' ', ' ')
(' ', ' ', ' ', ' ', ' ')
('M', ' ', ' ', ' ', ' ')
(' ', ' ', ' ', ' ', 'G')
('M', ' ', 'G', ' ', ' ')
-----
end state of the board
('M', ' ', ' ', ' ', ' ')
(' ', ' ', ' ', ' ', ' ')
('M', ' ', ' ', ' ', ' ')
(' ', ' ', ' ', ' ', 'G')
('M', ' ', 'G', ' ', ' ')
+++++++++++++++++++++
initial state of the board
(' ', ' ', ' ', ' ', 'M')
(' ', ' ', 'G', ' ', ' ')
(' ', ' ', 'M', ' ', ' ')
(' ', ' ', ' ', ' ', ' ')
('M', ' ', ' ', ' ', ' ')
-----
to_move M utility = 1
(' ', ' ', ' ', ' ', 'M')
(' ', ' ', 'M', ' ', ' ')
(' ', ' ', ' ', ' ', ' ')
(' ', ' ', ' ', ' ', ' ')
('M', ' ', ' ', ' ', ' ')
-----
end state of the board
(' ', ' ', ' ', ' ', 'M')
(' ', ' ', 'M', ' ', ' ')
(' ', ' ', ' ', ' ', ' ')
(' ', ' ', ' ', ' ', ' ')
('M', ' ', ' ', ' ', ' ')
+++++++++++++++++++++
initial state of the board
(' ', ' ', ' ', ' ', ' ')
(' ', 'M', 'G', 'M', ' ')
(' ', ' ', 'M', ' ', ' ')
(' ', ' ', ' ', ' ', ' ')
(' ', ' ', ' ', ' ', ' ')
-----
to_move M utility = 1
(' ', ' ', ' ', ' ', ' ')
(' ', ' ', 'M', 'M', ' ')
(' ', ' ', 'M', ' ', ' ')
(' ', ' ', ' ', ' ', ' ')
(' ', ' ', ' ', ' ', ' ')
-----
end state of the board
(' ', ' ', ' ', ' ', ' ')
(' ', ' ', 'M', 'M', ' ')
(' ', ' ', 'M', ' ', ' ')
(' ', ' ', ' ', ' ', ' ')
(' ', ' ', ' ', ' ', ' ')
+++++++++++++++++++++
initial state of the board
(' ', ' ', ' ', ' ', ' ')
(' ', ' ', ' ', ' ', ' ')
(' ', ' ', ' ', ' ', ' ')
(' ', ' ', 'M', ' ', ' ')
('M', ' ', 'G', ' ', 'M')
-----
to_move M utility = -1
(' ', ' ', ' ', ' ', ' ')
(' ', ' ', ' ', ' ', ' ')
(' ', ' ', ' ', ' ', ' ')
(' ', ' ', ' ', ' ', ' ')
('M', ' ', 'M', ' ', 'M')
-----
end state of the board
(' ', ' ', ' ', ' ', ' ')
(' ', ' ', ' ', ' ', ' ')
(' ', ' ', ' ', ' ', ' ')
(' ', ' ', ' ', ' ', ' ')
('M', ' ', 'M', ' ', 'M')
+++++++++++++++++++++
initial state of the board
(' ', ' ', ' ', ' ', 'G')
(' ', ' ', 'M', ' ', ' ')
(' ', ' ', 'M', ' ', ' ')
('M', 'G', 'G', ' ', ' ')
(' ', ' ', ' ', ' ', ' ')
-----
to_move M utility = 1
(' ', ' ', ' ', ' ', 'G')
(' ', ' ', 'M', ' ', ' ')
(' ', ' ', ' ', ' ', ' ')
('M', 'G', 'M', ' ', ' ')
(' ', ' ', ' ', ' ', ' ')
-----
-----
to_move G utility = -1
(' ', ' ', ' ', ' ', ' ')
(' ', ' ', 'M', ' ', 'G')
(' ', ' ', ' ', ' ', ' ')
('M', 'G', 'M', ' ', ' ')
(' ', ' ', ' ', ' ', ' ')
-----
-----
to_move M utility = 1
(' ', ' ', ' ', ' ', ' ')
(' ', ' ', 'M', ' ', 'G')
(' ', ' ', ' ', ' ', ' ')
(' ', 'M', 'M', ' ', ' ')
(' ', ' ', ' ', ' ', ' ')
-----
end state of the board
(' ', ' ', ' ', ' ', ' ')
(' ', ' ', 'M', ' ', 'G')
(' ', ' ', ' ', ' ', ' ')
(' ', 'M', 'M', ' ', ' ')
(' ', ' ', ' ', ' ', ' ')
+++++++++++++++++++++
initial state of the board
(' ', ' ', 'M', ' ', 'G')
(' ', 'G', ' ', 'G', ' ')
('M', ' ', 'G', ' ', ' ')
('M', 'G', ' ', ' ', ' ')
(' ', ' ', 'G', ' ', ' ')
-----
to_move M utility = 1
(' ', ' ', 'M', ' ', 'G')
(' ', 'G', ' ', 'G', ' ')
('M', ' ', 'G', ' ', ' ')
(' ', 'M', ' ', ' ', ' ')
(' ', ' ', 'G', ' ', ' ')
-----
end state of the board
(' ', ' ', 'M', ' ', 'G')
(' ', 'G', ' ', 'G', ' ')
('M', ' ', 'G', ' ', ' ')
(' ', 'M', ' ', ' ', ' ')
(' ', ' ', 'G', ' ', ' ')
All unit tests succeeded
memorization = 1
count_memo_minimizer_max_value = 120
count_memo_minimizer_min_value = 150
count_memo_maximizer_max_value = 33
count_memo_maximizer_min_value = 38
count_alpha_prunning = 366
count_beta_prunning = 365
max_depth_maximizer = 9
max_depth_minimizer = 8
memo_maximizer_max_value = 116
memo_maximizer_min_value = 121
memo_minimizer_max_value = 380
memo_minimizer_min_value = 379
execution time for unit testing: 1.5735626220703125e-05
initial state of the board
('G', 'G', 'G', 'G', 'M')
('G', 'G', 'G', 'G', 'G')
('G', 'G', 'M', 'G', 'G')
('G', 'G', 'G', 'G', 'G')
('M', 'G', 'G', 'G', 'G')
